INFO:root:reading url list....
INFO:root:start to process urls
ERROR:root:####--------->load url failed, NO screenshot taking
ERROR:root:####--------->Timeout, capture screenshot anyway...
ERROR:root:####--------->load url failed, NO screenshot taking
ERROR:root:####--------->load url failed, NO screenshot taking
ERROR:root:####--------->Timeout, capture screenshot anyway...
ERROR:root:takeing screenshot of http://www.Ebay.comfailed
ERROR:root:####--------->load url failed, NO screenshot taking
ERROR:root:takeing screenshot of http://www.Linkedin.comfailed
ERROR:root:####--------->load url failed, NO screenshot taking
ERROR:root:takeing screenshot of http://www.Bing.comfailed
ERROR:root:####--------->load url failed, NO screenshot taking
ERROR:root:####--------->load url failed, NO screenshot taking
ERROR:root:####--------->load url failed, NO screenshot taking
ERROR:root:####--------->load url failed, NO screenshot taking
ERROR:root:####--------->load url failed, NO screenshot taking
ERROR:root:####--------->load url failed, NO screenshot taking
ERROR:root:####--------->load url failed, NO screenshot taking
ERROR:root:####--------->load url failed, NO screenshot taking
ERROR:root:####--------->load url failed, NO screenshot taking
ERROR:root:####--------->load url failed, NO screenshot taking
ERROR:root:####--------->load url failed, NO screenshot taking
ERROR:root:####--------->load url failed, NO screenshot taking
ERROR:root:####--------->load url failed, NO screenshot taking
ERROR:root:####--------->load url failed, NO screenshot taking
ERROR:root:####--------->load url failed, NO screenshot taking
ERROR:root:####--------->load url failed, NO screenshot taking
ERROR:root:####--------->Timeout, capture screenshot anyway...
ERROR:root:####--------->load url failed, NO screenshot taking
ERROR:root:takeing screenshot of http://www.Weather.comfailed
ERROR:root:####--------->load url failed, NO screenshot taking
ERROR:root:####--------->load url failed, NO screenshot taking
ERROR:root:####--------->load url failed, NO screenshot taking
ERROR:root:####--------->load url failed, NO screenshot taking
ERROR:root:####--------->load url failed, NO screenshot taking
ERROR:root:####--------->load url failed, NO screenshot taking
ERROR:root:####--------->load url failed, NO screenshot taking
ERROR:root:####--------->load url failed, NO screenshot taking
ERROR:root:takeing screenshot of http://www.Gmail.comfailed
ERROR:root:####--------->load url failed, NO screenshot taking
ERROR:root:####--------->load url failed, NO screenshot taking
ERROR:root:####--------->load url failed, NO screenshot taking
ERROR:root:####--------->load url failed, NO screenshot taking
ERROR:root:takeing screenshot of http://www.Target.comfailed
ERROR:root:####--------->load url failed, NO screenshot taking
ERROR:root:takeing screenshot of http://www.Wikia.comfailed
ERROR:root:####--------->Timeout, capture screenshot anyway...
ERROR:root:####--------->load url failed, NO screenshot taking
ERROR:root:####--------->load url failed, NO screenshot taking
ERROR:root:####--------->load url failed, NO screenshot taking
ERROR:root:####--------->load url failed, NO screenshot taking
ERROR:root:####--------->load url failed, NO screenshot taking
ERROR:root:####--------->load url failed, NO screenshot taking
ERROR:root:####--------->load url failed, NO screenshot taking
ERROR:root:takeing screenshot of http://www.Usps.comfailed
ERROR:root:####--------->load url failed, NO screenshot taking
ERROR:root:####--------->load url failed, NO screenshot taking
ERROR:root:####--------->load url failed, NO screenshot taking
ERROR:root:####--------->load url failed, NO screenshot taking
ERROR:root:####--------->load url failed, NO screenshot taking
ERROR:root:takeing screenshot of http://www.Tripadvisor.comfailed
ERROR:root:####--------->load url failed, NO screenshot taking
ERROR:root:####--------->load url failed, NO screenshot taking
ERROR:root:####--------->load url failed, NO screenshot taking
ERROR:root:takeing screenshot of http://www.Cnet.comfailed
ERROR:root:takeing screenshot of http://www.Cnet.comfailed
ERROR:root:####--------->load url failed, NO screenshot taking
ERROR:root:####--------->load url failed, NO screenshot taking
ERROR:root:takeing screenshot of http://www.Office365.comfailed
ERROR:root:####--------->Timeout, capture screenshot anyway...
ERROR:root:####--------->load url failed, NO screenshot taking
ERROR:root:takeing screenshot of http://www.Usatoday.comfailed
ERROR:root:####--------->Timeout, capture screenshot anyway...
ERROR:root:####--------->load url failed, NO screenshot taking
ERROR:root:####--------->Timeout, capture screenshot anyway...
ERROR:root:takeing screenshot of http://www.Dailymail.co.ukfailed
ERROR:root:####--------->load url failed, NO screenshot taking
ERROR:root:####--------->load url failed, NO screenshot taking
ERROR:root:####--------->load url failed, NO screenshot taking
ERROR:root:takeing screenshot of http://www.Slickdeals.netfailed
ERROR:root:####--------->load url failed, NO screenshot taking
ERROR:root:####--------->load url failed, NO screenshot taking
ERROR:root:####--------->Timeout, capture screenshot anyway...
ERROR:root:takeing screenshot of http://www.Att.comfailed
ERROR:root:####--------->Timeout, capture screenshot anyway...
ERROR:root:####--------->load url failed, NO screenshot taking
ERROR:root:takeing screenshot of http://www.Businessinsider.comfailed
ERROR:root:takeing screenshot of http://www.Businessinsider.comfailed
ERROR:root:####--------->load url failed, NO screenshot taking
ERROR:root:####--------->load url failed, NO screenshot taking
ERROR:root:takeing screenshot of http://www.Bleacherreport.comfailed
ERROR:root:####--------->Timeout, capture screenshot anyway...
ERROR:root:####--------->load url failed, NO screenshot taking
ERROR:root:####--------->load url failed, NO screenshot taking
ERROR:root:####--------->load url failed, NO screenshot taking
ERROR:root:####--------->load url failed, NO screenshot taking
ERROR:root:####--------->load url failed, NO screenshot taking
ERROR:root:####--------->load url failed, NO screenshot taking
ERROR:root:####--------->load url failed, NO screenshot taking
ERROR:root:takeing screenshot of http://www.Citibank.comfailed
ERROR:root:takeing screenshot of http://www.Citibank.comfailed
ERROR:root:####--------->load url failed, NO screenshot taking
ERROR:root:####--------->load url failed, NO screenshot taking
ERROR:root:takeing screenshot of http://www.Salesforce.comfailed
ERROR:root:####--------->Timeout, capture screenshot anyway...
ERROR:root:####--------->load url failed, NO screenshot taking
ERROR:root:takeing screenshot of http://www.Xfinity.comfailed
ERROR:root:####--------->load url failed, NO screenshot taking
INFO:root:reading url list....
INFO:root:start to process urls
ERROR:root:####--------->load url failed, NO screenshot taking
ERROR:root:####--------->load url failed, NO screenshot taking
ERROR:root:takeing screenshot of http://www.Outbrain.comfailed
ERROR:root:####--------->load url failed, NO screenshot taking
ERROR:root:####--------->load url failed, NO screenshot taking
ERROR:root:####--------->load url failed, NO screenshot taking
ERROR:root:####--------->load url failed, NO screenshot taking
ERROR:root:####--------->load url failed, NO screenshot taking
ERROR:root:####--------->load url failed, NO screenshot taking
ERROR:root:####--------->load url failed, NO screenshot taking
ERROR:root:####--------->load url failed, NO screenshot taking
ERROR:root:####--------->load url failed, NO screenshot taking
ERROR:root:####--------->load url failed, NO screenshot taking
ERROR:root:####--------->load url failed, NO screenshot taking
ERROR:root:####--------->load url failed, NO screenshot taking
ERROR:root:####--------->load url failed, NO screenshot taking
ERROR:root:####--------->load url failed, NO screenshot taking
ERROR:root:####--------->load url failed, NO screenshot taking
ERROR:root:####--------->load url failed, NO screenshot taking
ERROR:root:####--------->load url failed, NO screenshot taking
ERROR:root:####--------->load url failed, NO screenshot taking
ERROR:root:####--------->load url failed, NO screenshot taking
ERROR:root:####--------->load url failed, NO screenshot taking
ERROR:root:####--------->load url failed, NO screenshot taking
ERROR:root:####--------->load url failed, NO screenshot taking
ERROR:root:####--------->load url failed, NO screenshot taking
ERROR:root:####--------->load url failed, NO screenshot taking
ERROR:root:####--------->load url failed, NO screenshot taking
ERROR:root:####--------->load url failed, NO screenshot taking
ERROR:root:####--------->load url failed, NO screenshot taking
ERROR:root:####--------->load url failed, NO screenshot taking
ERROR:root:####--------->load url failed, NO screenshot taking
ERROR:root:####--------->load url failed, NO screenshot taking
ERROR:root:####--------->load url failed, NO screenshot taking
ERROR:root:####--------->load url failed, NO screenshot taking
ERROR:root:####--------->load url failed, NO screenshot taking
ERROR:root:####--------->load url failed, NO screenshot taking
ERROR:root:####--------->load url failed, NO screenshot taking
ERROR:root:####--------->load url failed, NO screenshot taking
ERROR:root:####--------->load url failed, NO screenshot taking
ERROR:root:####--------->load url failed, NO screenshot taking
ERROR:root:####--------->load url failed, NO screenshot taking
ERROR:root:####--------->load url failed, NO screenshot taking
ERROR:root:####--------->load url failed, NO screenshot taking
ERROR:root:####--------->load url failed, NO screenshot taking
ERROR:root:####--------->load url failed, NO screenshot taking
ERROR:root:####--------->load url failed, NO screenshot taking
ERROR:root:####--------->load url failed, NO screenshot taking
ERROR:root:####--------->load url failed, NO screenshot taking
ERROR:root:####--------->load url failed, NO screenshot taking
ERROR:root:####--------->load url failed, NO screenshot taking
ERROR:root:####--------->load url failed, NO screenshot taking
ERROR:root:####--------->load url failed, NO screenshot taking
ERROR:root:####--------->load url failed, NO screenshot taking
ERROR:root:####--------->load url failed, NO screenshot taking
ERROR:root:####--------->load url failed, NO screenshot taking
ERROR:root:####--------->load url failed, NO screenshot taking
ERROR:root:####--------->load url failed, NO screenshot taking
ERROR:root:####--------->load url failed, NO screenshot taking
ERROR:root:####--------->load url failed, NO screenshot taking
ERROR:root:####--------->load url failed, NO screenshot taking
ERROR:root:####--------->load url failed, NO screenshot taking
ERROR:root:####--------->load url failed, NO screenshot taking
ERROR:root:####--------->load url failed, NO screenshot taking
ERROR:root:####--------->load url failed, NO screenshot taking
ERROR:root:####--------->load url failed, NO screenshot taking
ERROR:root:####--------->load url failed, NO screenshot taking
ERROR:root:####--------->load url failed, NO screenshot taking
ERROR:root:####--------->load url failed, NO screenshot taking
ERROR:root:####--------->load url failed, NO screenshot taking
ERROR:root:####--------->load url failed, NO screenshot taking
ERROR:root:####--------->load url failed, NO screenshot taking
ERROR:root:####--------->load url failed, NO screenshot taking
ERROR:root:####--------->load url failed, NO screenshot taking
ERROR:root:####--------->load url failed, NO screenshot taking
ERROR:root:####--------->load url failed, NO screenshot taking
ERROR:root:####--------->load url failed, NO screenshot taking
ERROR:root:####--------->load url failed, NO screenshot taking
ERROR:root:####--------->load url failed, NO screenshot taking
ERROR:root:####--------->load url failed, NO screenshot taking
ERROR:root:####--------->load url failed, NO screenshot taking
ERROR:root:####--------->load url failed, NO screenshot taking
ERROR:root:####--------->load url failed, NO screenshot taking
ERROR:root:####--------->load url failed, NO screenshot taking
ERROR:root:####--------->load url failed, NO screenshot taking
ERROR:root:####--------->load url failed, NO screenshot taking
ERROR:root:####--------->load url failed, NO screenshot taking
ERROR:root:####--------->load url failed, NO screenshot taking
ERROR:root:####--------->load url failed, NO screenshot taking
ERROR:root:####--------->load url failed, NO screenshot taking
ERROR:root:####--------->load url failed, NO screenshot taking
ERROR:root:####--------->load url failed, NO screenshot taking
ERROR:root:####--------->load url failed, NO screenshot taking
ERROR:root:####--------->load url failed, NO screenshot taking
ERROR:root:####--------->load url failed, NO screenshot taking
ERROR:root:####--------->load url failed, NO screenshot taking
ERROR:root:####--------->load url failed, NO screenshot taking
ERROR:root:####--------->load url failed, NO screenshot taking
ERROR:root:####--------->load url failed, NO screenshot taking
ERROR:root:####--------->load url failed, NO screenshot taking
ERROR:root:####--------->load url failed, NO screenshot taking
ERROR:root:####--------->load url failed, NO screenshot taking
ERROR:root:####--------->load url failed, NO screenshot taking
ERROR:root:####--------->load url failed, NO screenshot taking
ERROR:root:####--------->load url failed, NO screenshot taking
ERROR:root:####--------->load url failed, NO screenshot taking
ERROR:root:####--------->load url failed, NO screenshot taking
ERROR:root:####--------->load url failed, NO screenshot taking
ERROR:root:####--------->load url failed, NO screenshot taking
ERROR:root:####--------->load url failed, NO screenshot taking
ERROR:root:####--------->load url failed, NO screenshot taking
ERROR:root:####--------->load url failed, NO screenshot taking
ERROR:root:####--------->load url failed, NO screenshot taking
ERROR:root:####--------->load url failed, NO screenshot taking
ERROR:root:####--------->load url failed, NO screenshot taking
ERROR:root:####--------->load url failed, NO screenshot taking
ERROR:root:####--------->load url failed, NO screenshot taking
ERROR:root:####--------->load url failed, NO screenshot taking
ERROR:root:####--------->load url failed, NO screenshot taking
ERROR:root:####--------->load url failed, NO screenshot taking
ERROR:root:####--------->load url failed, NO screenshot taking
ERROR:root:####--------->load url failed, NO screenshot taking
ERROR:root:####--------->load url failed, NO screenshot taking
ERROR:root:####--------->load url failed, NO screenshot taking
ERROR:root:####--------->load url failed, NO screenshot taking
ERROR:root:####--------->load url failed, NO screenshot taking
ERROR:root:####--------->load url failed, NO screenshot taking
ERROR:root:####--------->load url failed, NO screenshot taking
ERROR:root:####--------->load url failed, NO screenshot taking
ERROR:root:####--------->load url failed, NO screenshot taking
ERROR:root:####--------->load url failed, NO screenshot taking
ERROR:root:####--------->load url failed, NO screenshot taking
ERROR:root:####--------->load url failed, NO screenshot taking
ERROR:root:####--------->load url failed, NO screenshot taking
ERROR:root:####--------->load url failed, NO screenshot taking
ERROR:root:####--------->load url failed, NO screenshot taking
ERROR:root:####--------->load url failed, NO screenshot taking
ERROR:root:####--------->load url failed, NO screenshot taking
ERROR:root:####--------->load url failed, NO screenshot taking
ERROR:root:####--------->load url failed, NO screenshot taking
ERROR:root:####--------->load url failed, NO screenshot taking
ERROR:root:####--------->load url failed, NO screenshot taking
ERROR:root:####--------->load url failed, NO screenshot taking
ERROR:root:####--------->load url failed, NO screenshot taking
ERROR:root:####--------->load url failed, NO screenshot taking
ERROR:root:####--------->load url failed, NO screenshot taking
ERROR:root:####--------->load url failed, NO screenshot taking
ERROR:root:####--------->load url failed, NO screenshot taking
ERROR:root:####--------->load url failed, NO screenshot taking
ERROR:root:####--------->load url failed, NO screenshot taking
ERROR:root:####--------->load url failed, NO screenshot taking
ERROR:root:####--------->load url failed, NO screenshot taking
ERROR:root:####--------->load url failed, NO screenshot taking
ERROR:root:####--------->load url failed, NO screenshot taking
ERROR:root:####--------->load url failed, NO screenshot taking
INFO:root:reading url list....
INFO:root:start to process urls
ERROR:root:####--------->load url failed, NO screenshot taking
ERROR:root:####--------->load url failed, NO screenshot taking
ERROR:root:####--------->load url failed, NO screenshot taking
ERROR:root:takeing screenshot of http://www.Walmart.comfailed
ERROR:root:####--------->load url failed, NO screenshot taking
ERROR:root:####--------->load url failed, NO screenshot taking
ERROR:root:####--------->load url failed, NO screenshot taking
ERROR:root:####--------->load url failed, NO screenshot taking
ERROR:root:####--------->load url failed, NO screenshot taking
ERROR:root:####--------->load url failed, NO screenshot taking
ERROR:root:takeing screenshot of http://www.Cnet.comfailed
ERROR:root:takeing screenshot of http://www.Cnet.comfailed
ERROR:root:####--------->load url failed, NO screenshot taking
ERROR:root:takeing screenshot of http://www.Tripadvisor.comfailed
ERROR:root:####--------->load url failed, NO screenshot taking
ERROR:root:####--------->load url failed, NO screenshot taking
ERROR:root:takeing screenshot of http://www.Instagram.comfailed
ERROR:root:####--------->load url failed, NO screenshot taking
ERROR:root:####--------->Timeout, capture screenshot anyway...
ERROR:root:takeing screenshot of http://www.Dailymail.co.ukfailed
ERROR:root:takeing screenshot of http://www.Netflix.comfailed
ERROR:root:####--------->load url failed, NO screenshot taking
ERROR:root:####--------->load url failed, NO screenshot taking
ERROR:root:####--------->load url failed, NO screenshot taking
ERROR:root:####--------->load url failed, NO screenshot taking
ERROR:root:takeing screenshot of http://www.Espn.go.comfailed
ERROR:root:####--------->load url failed, NO screenshot taking
ERROR:root:####--------->load url failed, NO screenshot taking
ERROR:root:####--------->load url failed, NO screenshot taking
ERROR:root:####--------->load url failed, NO screenshot taking
ERROR:root:####--------->Timeout, capture screenshot anyway...
ERROR:root:####--------->load url failed, NO screenshot taking
ERROR:root:####--------->load url failed, NO screenshot taking
ERROR:root:####--------->load url failed, NO screenshot taking
ERROR:root:####--------->load url failed, NO screenshot taking
ERROR:root:####--------->Timeout, capture screenshot anyway...
ERROR:root:####--------->load url failed, NO screenshot taking
ERROR:root:takeing screenshot of http://www.Nytimes.comfailed
ERROR:root:takeing screenshot of http://www.Chase.comfailed
ERROR:root:####--------->load url failed, NO screenshot taking
ERROR:root:takeing screenshot of http://www.Slickdeals.netfailed
ERROR:root:####--------->load url failed, NO screenshot taking
ERROR:root:####--------->load url failed, NO screenshot taking
ERROR:root:takeing screenshot of http://www.Kohls.comfailed
ERROR:root:####--------->load url failed, NO screenshot taking
ERROR:root:####--------->load url failed, NO screenshot taking
ERROR:root:takeing screenshot of http://www.Tumblr.comfailed
ERROR:root:####--------->load url failed, NO screenshot taking
ERROR:root:####--------->load url failed, NO screenshot taking
ERROR:root:####--------->load url failed, NO screenshot taking
ERROR:root:takeing screenshot of http://www.Target.comfailed
ERROR:root:####--------->load url failed, NO screenshot taking
ERROR:root:####--------->load url failed, NO screenshot taking
ERROR:root:takeing screenshot of http://www.Wikia.comfailed
ERROR:root:####--------->load url failed, NO screenshot taking
ERROR:root:####--------->load url failed, NO screenshot taking
ERROR:root:####--------->load url failed, NO screenshot taking
ERROR:root:####--------->load url failed, NO screenshot taking
ERROR:root:####--------->load url failed, NO screenshot taking
ERROR:root:####--------->load url failed, NO screenshot taking
ERROR:root:####--------->Timeout, capture screenshot anyway...
ERROR:root:####--------->load url failed, NO screenshot taking
ERROR:root:####--------->load url failed, NO screenshot taking
ERROR:root:####--------->load url failed, NO screenshot taking
ERROR:root:####--------->load url failed, NO screenshot taking
ERROR:root:####--------->load url failed, NO screenshot taking
ERROR:root:####--------->load url failed, NO screenshot taking
ERROR:root:####--------->load url failed, NO screenshot taking
ERROR:root:####--------->load url failed, NO screenshot taking
ERROR:root:####--------->load url failed, NO screenshot taking
ERROR:root:####--------->load url failed, NO screenshot taking
ERROR:root:####--------->load url failed, NO screenshot taking
ERROR:root:####--------->load url failed, NO screenshot taking
ERROR:root:takeing screenshot of http://www.Ebay.comfailed
ERROR:root:####--------->load url failed, NO screenshot taking
ERROR:root:####--------->load url failed, NO screenshot taking
ERROR:root:takeing screenshot of http://www.Cnn.comfailed
ERROR:root:####--------->load url failed, NO screenshot taking
ERROR:root:####--------->load url failed, NO screenshot taking
ERROR:root:####--------->load url failed, NO screenshot taking
ERROR:root:####--------->load url failed, NO screenshot taking
ERROR:root:####--------->load url failed, NO screenshot taking
INFO:root:reading url list....
INFO:root:start to process urls
ERROR:root:####--------->Timeout, capture screenshot anyway...
ERROR:root:takeing screenshot of http://www.Twitter.comfailed
ERROR:root:####--------->load url failed, NO screenshot taking
ERROR:root:takeing screenshot of http://www.Mlb.comfailed
ERROR:root:####--------->load url failed, NO screenshot taking
ERROR:root:####--------->load url failed, NO screenshot taking
ERROR:root:####--------->load url failed, NO screenshot taking
ERROR:root:takeing screenshot of http://www.Answers.comfailed
ERROR:root:####--------->load url failed, NO screenshot taking
ERROR:root:####--------->load url failed, NO screenshot taking
ERROR:root:takeing screenshot of http://www.Paypal.comfailed
ERROR:root:####--------->load url failed, NO screenshot taking
ERROR:root:####--------->load url failed, NO screenshot taking
ERROR:root:takeing screenshot of http://www.Cnet.comfailed
ERROR:root:takeing screenshot of http://www.Cnet.comfailed
ERROR:root:####--------->load url failed, NO screenshot taking
ERROR:root:####--------->load url failed, NO screenshot taking
ERROR:root:####--------->load url failed, NO screenshot taking
ERROR:root:####--------->load url failed, NO screenshot taking
ERROR:root:takeing screenshot of http://www.Instagram.comfailed
ERROR:root:####--------->load url failed, NO screenshot taking
ERROR:root:####--------->load url failed, NO screenshot taking
ERROR:root:takeing screenshot of http://www.Netflix.comfailed
ERROR:root:####--------->load url failed, NO screenshot taking
ERROR:root:####--------->load url failed, NO screenshot taking
ERROR:root:takeing screenshot of http://www.Office365.comfailed
ERROR:root:####--------->load url failed, NO screenshot taking
ERROR:root:####--------->load url failed, NO screenshot taking
ERROR:root:####--------->load url failed, NO screenshot taking
ERROR:root:####--------->load url failed, NO screenshot taking
ERROR:root:####--------->load url failed, NO screenshot taking
ERROR:root:####--------->load url failed, NO screenshot taking
ERROR:root:####--------->load url failed, NO screenshot taking
ERROR:root:####--------->load url failed, NO screenshot taking
ERROR:root:####--------->load url failed, NO screenshot taking
ERROR:root:####--------->load url failed, NO screenshot taking
ERROR:root:####--------->load url failed, NO screenshot taking
ERROR:root:takeing screenshot of http://www.Ebay.comfailed
ERROR:root:####--------->load url failed, NO screenshot taking
ERROR:root:takeing screenshot of http://www.Slickdeals.netfailed
ERROR:root:takeing screenshot of http://www.Slickdeals.netfailed
ERROR:root:####--------->load url failed, NO screenshot taking
ERROR:root:####--------->load url failed, NO screenshot taking
ERROR:root:takeing screenshot of http://www.Huffingtonpost.comfailed
ERROR:root:####--------->Timeout, capture screenshot anyway...
ERROR:root:####--------->load url failed, NO screenshot taking
ERROR:root:####--------->load url failed, NO screenshot taking
ERROR:root:takeing screenshot of http://www.Dailymail.co.ukfailed
ERROR:root:####--------->load url failed, NO screenshot taking
ERROR:root:####--------->load url failed, NO screenshot taking
ERROR:root:takeing screenshot of http://www.Target.comfailed
ERROR:root:####--------->load url failed, NO screenshot taking
ERROR:root:####--------->load url failed, NO screenshot taking
ERROR:root:####--------->Timeout, capture screenshot anyway...
ERROR:root:####--------->load url failed, NO screenshot taking
ERROR:root:####--------->load url failed, NO screenshot taking
ERROR:root:####--------->load url failed, NO screenshot taking
ERROR:root:####--------->load url failed, NO screenshot taking
ERROR:root:####--------->load url failed, NO screenshot taking
ERROR:root:####--------->load url failed, NO screenshot taking
ERROR:root:####--------->load url failed, NO screenshot taking
ERROR:root:####--------->load url failed, NO screenshot taking
ERROR:root:####--------->load url failed, NO screenshot taking
ERROR:root:####--------->load url failed, NO screenshot taking
ERROR:root:####--------->load url failed, NO screenshot taking
ERROR:root:####--------->load url failed, NO screenshot taking
ERROR:root:####--------->load url failed, NO screenshot taking
ERROR:root:####--------->load url failed, NO screenshot taking
ERROR:root:####--------->load url failed, NO screenshot taking
ERROR:root:####--------->load url failed, NO screenshot taking
ERROR:root:####--------->load url failed, NO screenshot taking
ERROR:root:####--------->load url failed, NO screenshot taking
ERROR:root:####--------->load url failed, NO screenshot taking
ERROR:root:####--------->load url failed, NO screenshot taking
ERROR:root:####--------->load url failed, NO screenshot taking
ERROR:root:####--------->load url failed, NO screenshot taking
ERROR:root:####--------->load url failed, NO screenshot taking
ERROR:root:####--------->load url failed, NO screenshot taking
ERROR:root:####--------->load url failed, NO screenshot taking
ERROR:root:####--------->load url failed, NO screenshot taking
ERROR:root:####--------->load url failed, NO screenshot taking
ERROR:root:####--------->load url failed, NO screenshot taking
ERROR:root:####--------->load url failed, NO screenshot taking
ERROR:root:####--------->load url failed, NO screenshot taking
ERROR:root:####--------->load url failed, NO screenshot taking
ERROR:root:####--------->load url failed, NO screenshot taking
ERROR:root:####--------->load url failed, NO screenshot taking
INFO:root:reading url list....
INFO:root:start to process urls
ERROR:root:####--------->load url failed, NO screenshot taking
ERROR:root:####--------->load url failed, NO screenshot taking
ERROR:root:####--------->load url failed, NO screenshot taking
ERROR:root:####--------->load url failed, NO screenshot taking
ERROR:root:####--------->load url failed, NO screenshot taking
ERROR:root:####--------->load url failed, NO screenshot taking
ERROR:root:takeing screenshot of http://www.Cnet.comfailed
ERROR:root:takeing screenshot of http://www.Cnet.comfailed
ERROR:root:####--------->load url failed, NO screenshot taking
ERROR:root:####--------->load url failed, NO screenshot taking
ERROR:root:takeing screenshot of http://www.Tripadvisor.comfailed
ERROR:root:####--------->load url failed, NO screenshot taking
ERROR:root:####--------->load url failed, NO screenshot taking
ERROR:root:####--------->load url failed, NO screenshot taking
ERROR:root:####--------->load url failed, NO screenshot taking
ERROR:root:####--------->load url failed, NO screenshot taking
ERROR:root:####--------->load url failed, NO screenshot taking
ERROR:root:####--------->load url failed, NO screenshot taking
ERROR:root:####--------->load url failed, NO screenshot taking
ERROR:root:####--------->load url failed, NO screenshot taking
ERROR:root:####--------->load url failed, NO screenshot taking
ERROR:root:####--------->load url failed, NO screenshot taking
ERROR:root:####--------->load url failed, NO screenshot taking
ERROR:root:####--------->load url failed, NO screenshot taking
ERROR:root:####--------->load url failed, NO screenshot taking
ERROR:root:####--------->load url failed, NO screenshot taking
ERROR:root:####--------->load url failed, NO screenshot taking
ERROR:root:####--------->load url failed, NO screenshot taking
ERROR:root:####--------->load url failed, NO screenshot taking
ERROR:root:####--------->load url failed, NO screenshot taking
ERROR:root:####--------->load url failed, NO screenshot taking
ERROR:root:####--------->load url failed, NO screenshot taking
ERROR:root:####--------->load url failed, NO screenshot taking
ERROR:root:####--------->load url failed, NO screenshot taking
ERROR:root:####--------->load url failed, NO screenshot taking
ERROR:root:####--------->load url failed, NO screenshot taking
ERROR:root:####--------->load url failed, NO screenshot taking
ERROR:root:####--------->load url failed, NO screenshot taking
ERROR:root:####--------->load url failed, NO screenshot taking
ERROR:root:####--------->load url failed, NO screenshot taking
ERROR:root:####--------->load url failed, NO screenshot taking
ERROR:root:####--------->load url failed, NO screenshot taking
ERROR:root:####--------->load url failed, NO screenshot taking
ERROR:root:####--------->load url failed, NO screenshot taking
ERROR:root:####--------->load url failed, NO screenshot taking
ERROR:root:####--------->load url failed, NO screenshot taking
ERROR:root:####--------->load url failed, NO screenshot taking
ERROR:root:####--------->load url failed, NO screenshot taking
ERROR:root:####--------->load url failed, NO screenshot taking
ERROR:root:####--------->load url failed, NO screenshot taking
ERROR:root:####--------->load url failed, NO screenshot taking
ERROR:root:####--------->load url failed, NO screenshot taking
ERROR:root:####--------->load url failed, NO screenshot taking
ERROR:root:####--------->load url failed, NO screenshot taking
ERROR:root:####--------->load url failed, NO screenshot taking
ERROR:root:####--------->load url failed, NO screenshot taking
ERROR:root:####--------->load url failed, NO screenshot taking
ERROR:root:####--------->load url failed, NO screenshot taking
ERROR:root:####--------->load url failed, NO screenshot taking
ERROR:root:####--------->load url failed, NO screenshot taking
ERROR:root:####--------->load url failed, NO screenshot taking
ERROR:root:####--------->load url failed, NO screenshot taking
ERROR:root:####--------->load url failed, NO screenshot taking
ERROR:root:####--------->load url failed, NO screenshot taking
ERROR:root:####--------->load url failed, NO screenshot taking
ERROR:root:####--------->load url failed, NO screenshot taking
ERROR:root:####--------->load url failed, NO screenshot taking
ERROR:root:####--------->load url failed, NO screenshot taking
ERROR:root:####--------->load url failed, NO screenshot taking
ERROR:root:####--------->load url failed, NO screenshot taking
ERROR:root:####--------->load url failed, NO screenshot taking
ERROR:root:####--------->load url failed, NO screenshot taking
ERROR:root:####--------->load url failed, NO screenshot taking
ERROR:root:####--------->load url failed, NO screenshot taking
ERROR:root:####--------->load url failed, NO screenshot taking
ERROR:root:####--------->load url failed, NO screenshot taking
ERROR:root:####--------->load url failed, NO screenshot taking
ERROR:root:####--------->load url failed, NO screenshot taking
ERROR:root:####--------->load url failed, NO screenshot taking
ERROR:root:####--------->load url failed, NO screenshot taking
ERROR:root:####--------->load url failed, NO screenshot taking
ERROR:root:####--------->load url failed, NO screenshot taking
ERROR:root:####--------->load url failed, NO screenshot taking
ERROR:root:####--------->load url failed, NO screenshot taking
ERROR:root:####--------->load url failed, NO screenshot taking
ERROR:root:####--------->load url failed, NO screenshot taking
ERROR:root:####--------->load url failed, NO screenshot taking
ERROR:root:####--------->load url failed, NO screenshot taking
ERROR:root:####--------->load url failed, NO screenshot taking
ERROR:root:####--------->load url failed, NO screenshot taking
ERROR:root:####--------->load url failed, NO screenshot taking
ERROR:root:####--------->load url failed, NO screenshot taking
ERROR:root:####--------->load url failed, NO screenshot taking
ERROR:root:####--------->load url failed, NO screenshot taking
ERROR:root:####--------->load url failed, NO screenshot taking
ERROR:root:####--------->load url failed, NO screenshot taking
ERROR:root:####--------->load url failed, NO screenshot taking
ERROR:root:####--------->load url failed, NO screenshot taking
ERROR:root:####--------->load url failed, NO screenshot taking
